apk10_1-out.png 0
apk12_1_1-out.png 1
apk12_1_2-out.png 2
apk12_2-out.png 3
apk12_3-out.png 4
apk13_1-out.png 5
apk13_2-out.png 6
apk13_3-out.png 7
apk13_4-out.png 8
apk14_1-out.png 9
apk14_2-out.png 10
apk14_3-out.png 11
apk14_4-out.png 12
apk14_5-out.png 13
apk15_1-out.png 14
apk15_2-out.png 15
apk15_3-out.png 16
apk15_4-out.png 17
apk15_5-out.png 18
apk1_1-out.png 19
apk1_2-out.png 20
apk1_3-out.png 21
apk1_4-out.png 22
apk1_5-out.png 23
apk1_6-out.png 24
apk2_1-out.png 25
apk2_2-out.png 26
apk3_1-out.png 27
apk3_2-out.png 28
apk6_1-out.png 29
apk7_1-out.png 30
apk7_2-out.png 31
apk9_1-out.png 32
apk9_2-out.png 33
apk9_3-out.png 34
apk9_4-out.png 35
